Arguments: 
  C:\Program Files\nodejs\node.exe C:\Users\Nelo\AppData\Roaming\npm\node_modules\yarn\bin\yarn.js add sucrase

PATH: 
  C:\Program Files\Git\mingw64\bin;C:\Program Files\Git\usr\bin;C:\Users\Nelo\bin;C:\Program Files (x86)\Common Files\Intel\Shared Libraries\redist\intel64_win\compiler;C:\ProgramData\Oracle\Java\javapath;C:\WINDOWS\system32;C:\WINDOWS;C:\WINDOWS\System32\Wbem;C:\WINDOWS\System32\WindowsPowerShell\v1.0;C:\WINDOWS\System32\OpenSSH;C:\Program Files\dotnet;C:\Program Files\Microsoft SQL Server\130\Tools\Binn;C:\Users\Nelo\.dnx\bin;C:\Program Files\Microsoft DNX\Dnvm;C:\Program Files\Microsoft SQL Server\120\Tools\Binn;C:\wamp64\bin\php\php7.3.5;C:\composer;C:\Program Files\Git\cmd;C:\Program Files\nodejs;C:\Program Files\Docker\Docker\resources\bin;C:\ProgramData\DockerDesktop\version-bin;C:\Users\Nelo\AppData\Local\Microsoft\WindowsApps;C:\Users\Nelo\AppData\Roaming\Composer\vendor\bin;C:\Users\Nelo\AppData\Local\Programs\Microsoft VS Code\bin;C:\Users\Nelo\AppData\Roaming\npm

Yarn version: 
  1.22.10

Node version: 
  14.16.1

Platform: 
  win32 x64

Trace: 
  Error: https://registry.yarnpkg.com/express: tunneling socket could not be established, cause=connect ECONNREFUSED 127.0.0.1:80
      at ClientRequest.onError (C:\Users\Nelo\AppData\Roaming\npm\node_modules\yarn\lib\cli.js:152235:17)
      at Object.onceWrapper (events.js:422:26)
      at ClientRequest.emit (events.js:315:20)
      at Socket.socketErrorListener (_http_client.js:469:9)
      at Socket.emit (events.js:315:20)
      at emitErrorNT (internal/streams/destroy.js:106:8)
      at emitErrorCloseNT (internal/streams/destroy.js:74:3)
      at processTicksAndRejections (internal/process/task_queues.js:80:21)

npm manifest: 
  {
    "name": "js-api-complete-crud",
    "version": "1.0.0",
    "description": "simple crud using nodejs mysql and sequelize ORM",
    "main": "index.js",
    "scripts": {
      "dev": "nodemon src/app.js"
    },
    "repository": {
      "type": "git",
      "url": "git+https://github.com/luiscaputo/node-js-api-complete-crud.git"
    },
    "author": "luis caputo",
    "license": "ISC",
    "bugs": {
      "url": "https://github.com/luiscaputo/node-js-api-complete-crud/issues"
    },
    "homepage": "https://github.com/luiscaputo/node-js-api-complete-crud#readme",
    "dependencies": {
      "express": "^4.17.1",
      "nodemon": "^2.0.7"
    }
  }

yarn manifest: 
  No manifest

Lockfile: 
  No lockfile
